TN:
SF:bmi_calc.js
FN:1,convert_to_inches
FN:9,metric_conversion_weight
FN:17,metric_conversion_height
FN:25,meters_squared
FN:30,bmi_conversion
FN:47,bmi_category
FN:71,main
FNF:7
FNH:6
FNDA:5,convert_to_inches
FNDA:10,metric_conversion_weight
FNDA:10,metric_conversion_height
FNDA:10,meters_squared
FNDA:5,bmi_conversion
FNDA:20,bmi_category
FNDA:0,main
DA:3,5
DA:6,5
DA:11,10
DA:14,10
DA:19,10
DA:22,10
DA:27,10
DA:32,5
DA:35,5
DA:38,5
DA:41,5
DA:44,5
DA:50,20
DA:51,5
DA:56,15
DA:57,5
DA:61,10
DA:62,5
DA:67,5
DA:73,0
DA:74,0
DA:77,0
DA:80,0
DA:83,0
DA:86,0
DA:89,0
DA:90,0
DA:93,1
LF:28
LH:20
BRDA:50,0,0,5
BRDA:50,0,1,15
BRDA:56,1,0,5
BRDA:56,1,1,10
BRDA:56,2,0,15
BRDA:56,2,1,15
BRDA:61,3,0,5
BRDA:61,3,1,5
BRDA:61,4,0,10
BRDA:61,4,1,10
BRF:10
BRH:10
end_of_record
